2019-10-11 15:31:35 DEBUG Controller:149 - ----> file:/D:/Source_Codes/Intellij/E-Commerce/target/classes/fxml/product.fxml
2019-10-11 15:31:40 DEBUG Controller:149 - ----> file:/D:/Source_Codes/Intellij/E-Commerce/target/classes/fxml/product.fxml
2019-10-11 15:31:40 DEBUG Controller:149 - ----> file:/D:/Source_Codes/Intellij/E-Commerce/target/classes/fxml/product_type.fxml
2019-10-11 15:31:41 DEBUG Controller:149 - ----> file:/D:/Source_Codes/Intellij/E-Commerce/target/classes/fxml/salesman.fxml
2019-10-11 15:31:41 DEBUG Controller:149 - ----> file:/D:/Source_Codes/Intellij/E-Commerce/target/classes/fxml/sales_record.fxml
2019-10-11 15:31:41 DEBUG Controller:149 - ----> file:/D:/Source_Codes/Intellij/E-Commerce/target/classes/fxml/product.fxml
2019-10-11 15:31:43 DEBUG Controller:149 - ----> file:/D:/Source_Codes/Intellij/E-Commerce/target/classes/fxml/sales_record.fxml
2019-10-11 15:46:49 DEBUG Controller:149 - ----> file:/D:/Source_Codes/Intellij/E-Commerce/target/classes/fxml/product.fxml
2019-10-11 15:46:53 DEBUG Controller:149 - ----> file:/D:/Source_Codes/Intellij/E-Commerce/target/classes/fxml/sales_record.fxml
2019-10-11 15:46:53 INFO  SalesRecordsController:86 - inside initialize method
2019-10-11 15:46:53 INFO  SalesRecordsController:325 - inside populateSalesRecords() method
2019-10-11 15:46:53 INFO  SalesRecordsDaoImpl:79 - insertSalesRecord() -> salesRecord: SalesRecords{product=null, salesman=null, inputPrice=0.0, outputPrice=0.0, date=Fri Oct 11 00:00:00 UZT 2019, quantity=null, sellingCoefficient=null}
2019-10-11 15:46:53 ERROR SalesRecordsController:341 - Error
java.sql.SQLException: database in auto-commit mode
	at org.sqlite.jdbc3.JDBC3Connection.rollback(JDBC3Connection.java:184)
	at sample.dao.impl.SalesRecordsDaoImpl.insertSalesRecord(SalesRecordsDaoImpl.java:99)
	at sample.controller.SalesRecordsController.addInitialRow(SalesRecordsController.java:359)
	at sample.controller.SalesRecordsController.populateSalesRecordsTable(SalesRecordsController.java:333)
	at sample.controller.SalesRecordsController.initialize(SalesRecordsController.java:257)
	at javafx.fxml.FXMLLoader.loadImpl(FXMLLoader.java:2548)
	at javafx.fxml.FXMLLoader.loadImpl(FXMLLoader.java:2441)
	at javafx.fxml.FXMLLoader.load(FXMLLoader.java:2409)
	at sample.controller.Controller.loadUI(Controller.java:151)
	at sample.controller.Controller.loadDetailed(Controller.java:108)
	at sun.reflect.NativeMethodAccessorImpl.invoke0(Native Method)
	at sun.reflect.NativeMethodAccessorImpl.invoke(NativeMethodAccessorImpl.java:62)
	at sun.reflect.DelegatingMethodAccessorImpl.invoke(DelegatingMethodAccessorImpl.java:43)
	at java.lang.reflect.Method.invoke(Method.java:498)
	at sun.reflect.misc.Trampoline.invoke(MethodUtil.java:71)
	at sun.reflect.GeneratedMethodAccessor1.invoke(Unknown Source)
	at sun.reflect.DelegatingMethodAccessorImpl.invoke(DelegatingMethodAccessorImpl.java:43)
	at java.lang.reflect.Method.invoke(Method.java:498)
	at sun.reflect.misc.MethodUtil.invoke(MethodUtil.java:275)
	at javafx.fxml.FXMLLoader$MethodHandler.invoke(FXMLLoader.java:1771)
	at javafx.fxml.FXMLLoader$ControllerMethodEventHandler.handle(FXMLLoader.java:1657)
	at com.sun.javafx.event.CompositeEventHandler.dispatchBubblingEvent(CompositeEventHandler.java:86)
	at com.sun.javafx.event.EventHandlerManager.dispatchBubblingEvent(EventHandlerManager.java:238)
	at com.sun.javafx.event.EventHandlerManager.dispatchBubblingEvent(EventHandlerManager.java:191)
	at com.sun.javafx.event.CompositeEventDispatcher.dispatchBubblingEvent(CompositeEventDispatcher.java:59)
	at com.sun.javafx.event.BasicEventDispatcher.dispatchEvent(BasicEventDispatcher.java:58)
	at com.sun.javafx.event.EventDispatchChainImpl.dispatchEvent(EventDispatchChainImpl.java:114)
	at com.sun.javafx.event.BasicEventDispatcher.dispatchEvent(BasicEventDispatcher.java:56)
	at com.sun.javafx.event.EventDispatchChainImpl.dispatchEvent(EventDispatchChainImpl.java:114)
	at com.sun.javafx.event.BasicEventDispatcher.dispatchEvent(BasicEventDispatcher.java:56)
	at com.sun.javafx.event.EventDispatchChainImpl.dispatchEvent(EventDispatchChainImpl.java:114)
	at com.sun.javafx.event.EventUtil.fireEventImpl(EventUtil.java:74)
	at com.sun.javafx.event.EventUtil.fireEvent(EventUtil.java:49)
	at javafx.event.Event.fireEvent(Event.java:198)
	at javafx.scene.Node.fireEvent(Node.java:8411)
	at javafx.scene.control.Button.fire(Button.java:185)
	at com.sun.javafx.scene.control.behavior.ButtonBehavior.mouseReleased(ButtonBehavior.java:182)
	at com.sun.javafx.scene.control.skin.BehaviorSkinBase$1.handle(BehaviorSkinBase.java:96)
	at com.sun.javafx.scene.control.skin.BehaviorSkinBase$1.handle(BehaviorSkinBase.java:89)
	at com.sun.javafx.event.CompositeEventHandler$NormalEventHandlerRecord.handleBubblingEvent(CompositeEventHandler.java:218)
	at com.sun.javafx.event.CompositeEventHandler.dispatchBubblingEvent(CompositeEventHandler.java:80)
	at com.sun.javafx.event.EventHandlerManager.dispatchBubblingEvent(EventHandlerManager.java:238)
	at com.sun.javafx.event.EventHandlerManager.dispatchBubblingEvent(EventHandlerManager.java:191)
	at com.sun.javafx.event.CompositeEventDispatcher.dispatchBubblingEvent(CompositeEventDispatcher.java:59)
	at com.sun.javafx.event.BasicEventDispatcher.dispatchEvent(BasicEventDispatcher.java:58)
	at com.sun.javafx.event.EventDispatchChainImpl.dispatchEvent(EventDispatchChainImpl.java:114)
	at com.sun.javafx.event.BasicEventDispatcher.dispatchEvent(BasicEventDispatcher.java:56)
	at com.sun.javafx.event.EventDispatchChainImpl.dispatchEvent(EventDispatchChainImpl.java:114)
	at com.sun.javafx.event.BasicEventDispatcher.dispatchEvent(BasicEventDispatcher.java:56)
	at com.sun.javafx.event.EventDispatchChainImpl.dispatchEvent(EventDispatchChainImpl.java:114)
	at com.sun.javafx.event.EventUtil.fireEventImpl(EventUtil.java:74)
	at com.sun.javafx.event.EventUtil.fireEvent(EventUtil.java:54)
	at javafx.event.Event.fireEvent(Event.java:198)
	at javafx.scene.Scene$MouseHandler.process(Scene.java:3757)
	at javafx.scene.Scene$MouseHandler.access$1500(Scene.java:3485)
	at javafx.scene.Scene.impl_processMouseEvent(Scene.java:1762)
	at javafx.scene.Scene$ScenePeerListener.mouseEvent(Scene.java:2494)
	at com.sun.javafx.tk.quantum.GlassViewEventHandler$MouseEventNotification.run(GlassViewEventHandler.java:380)
	at com.sun.javafx.tk.quantum.GlassViewEventHandler$MouseEventNotification.run(GlassViewEventHandler.java:294)
	at java.security.AccessController.doPrivileged(Native Method)
	at com.sun.javafx.tk.quantum.GlassViewEventHandler.lambda$handleMouseEvent$354(GlassViewEventHandler.java:416)
	at com.sun.javafx.tk.quantum.QuantumToolkit.runWithoutRenderLock(QuantumToolkit.java:389)
	at com.sun.javafx.tk.quantum.GlassViewEventHandler.handleMouseEvent(GlassViewEventHandler.java:415)
	at com.sun.glass.ui.View.handleMouseEvent(View.java:555)
	at com.sun.glass.ui.View.notifyMouse(View.java:937)
	at com.sun.glass.ui.win.WinApplication._runLoop(Native Method)
	at com.sun.glass.ui.win.WinApplication.lambda$null$148(WinApplication.java:191)
	at java.lang.Thread.run(Thread.java:745)
2019-10-11 15:46:56 DEBUG SalesRecordsController:350 - end of populateSalesRecord() method
2019-10-11 15:46:56 INFO  SalesRecordsController:305 - end of initialize method
2019-10-11 15:49:16 DEBUG Controller:149 - ----> file:/D:/Source_Codes/Intellij/E-Commerce/target/classes/fxml/salesman.fxml
2019-10-11 15:49:17 DEBUG Controller:149 - ----> file:/D:/Source_Codes/Intellij/E-Commerce/target/classes/fxml/sales_record.fxml
2019-10-11 15:49:17 INFO  SalesRecordsController:86 - inside initialize method
2019-10-11 15:49:17 INFO  SalesRecordsController:325 - inside populateSalesRecords() method
2019-10-11 15:49:17 INFO  SalesRecordsDaoImpl:79 - insertSalesRecord() -> salesRecord: SalesRecords{product=null, salesman=null, inputPrice=0.0, outputPrice=0.0, date=Fri Oct 11 00:00:00 UZT 2019, quantity=null, sellingCoefficient=null}
2019-10-11 15:49:17 ERROR SalesRecordsController:341 - Error
java.sql.SQLException: database in auto-commit mode
	at org.sqlite.jdbc3.JDBC3Connection.rollback(JDBC3Connection.java:184)
	at sample.dao.impl.SalesRecordsDaoImpl.insertSalesRecord(SalesRecordsDaoImpl.java:99)
	at sample.controller.SalesRecordsController.addInitialRow(SalesRecordsController.java:359)
	at sample.controller.SalesRecordsController.populateSalesRecordsTable(SalesRecordsController.java:333)
	at sample.controller.SalesRecordsController.initialize(SalesRecordsController.java:257)
	at javafx.fxml.FXMLLoader.loadImpl(FXMLLoader.java:2548)
	at javafx.fxml.FXMLLoader.loadImpl(FXMLLoader.java:2441)
	at javafx.fxml.FXMLLoader.load(FXMLLoader.java:2409)
	at sample.controller.Controller.loadUI(Controller.java:151)
	at sample.controller.Controller.loadDetailed(Controller.java:108)
	at sun.reflect.NativeMethodAccessorImpl.invoke0(Native Method)
	at sun.reflect.NativeMethodAccessorImpl.invoke(NativeMethodAccessorImpl.java:62)
	at sun.reflect.DelegatingMethodAccessorImpl.invoke(DelegatingMethodAccessorImpl.java:43)
	at java.lang.reflect.Method.invoke(Method.java:498)
	at sun.reflect.misc.Trampoline.invoke(MethodUtil.java:71)
	at sun.reflect.GeneratedMethodAccessor1.invoke(Unknown Source)
	at sun.reflect.DelegatingMethodAccessorImpl.invoke(DelegatingMethodAccessorImpl.java:43)
	at java.lang.reflect.Method.invoke(Method.java:498)
	at sun.reflect.misc.MethodUtil.invoke(MethodUtil.java:275)
	at javafx.fxml.FXMLLoader$MethodHandler.invoke(FXMLLoader.java:1771)
	at javafx.fxml.FXMLLoader$ControllerMethodEventHandler.handle(FXMLLoader.java:1657)
	at com.sun.javafx.event.CompositeEventHandler.dispatchBubblingEvent(CompositeEventHandler.java:86)
	at com.sun.javafx.event.EventHandlerManager.dispatchBubblingEvent(EventHandlerManager.java:238)
	at com.sun.javafx.event.EventHandlerManager.dispatchBubblingEvent(EventHandlerManager.java:191)
	at com.sun.javafx.event.CompositeEventDispatcher.dispatchBubblingEvent(CompositeEventDispatcher.java:59)
	at com.sun.javafx.event.BasicEventDispatcher.dispatchEvent(BasicEventDispatcher.java:58)
	at com.sun.javafx.event.EventDispatchChainImpl.dispatchEvent(EventDispatchChainImpl.java:114)
	at com.sun.javafx.event.BasicEventDispatcher.dispatchEvent(BasicEventDispatcher.java:56)
	at com.sun.javafx.event.EventDispatchChainImpl.dispatchEvent(EventDispatchChainImpl.java:114)
	at com.sun.javafx.event.BasicEventDispatcher.dispatchEvent(BasicEventDispatcher.java:56)
	at com.sun.javafx.event.EventDispatchChainImpl.dispatchEvent(EventDispatchChainImpl.java:114)
	at com.sun.javafx.event.EventUtil.fireEventImpl(EventUtil.java:74)
	at com.sun.javafx.event.EventUtil.fireEvent(EventUtil.java:49)
	at javafx.event.Event.fireEvent(Event.java:198)
	at javafx.scene.Node.fireEvent(Node.java:8411)
	at javafx.scene.control.Button.fire(Button.java:185)
	at com.sun.javafx.scene.control.behavior.ButtonBehavior.mouseReleased(ButtonBehavior.java:182)
	at com.sun.javafx.scene.control.skin.BehaviorSkinBase$1.handle(BehaviorSkinBase.java:96)
	at com.sun.javafx.scene.control.skin.BehaviorSkinBase$1.handle(BehaviorSkinBase.java:89)
	at com.sun.javafx.event.CompositeEventHandler$NormalEventHandlerRecord.handleBubblingEvent(CompositeEventHandler.java:218)
	at com.sun.javafx.event.CompositeEventHandler.dispatchBubblingEvent(CompositeEventHandler.java:80)
	at com.sun.javafx.event.EventHandlerManager.dispatchBubblingEvent(EventHandlerManager.java:238)
	at com.sun.javafx.event.EventHandlerManager.dispatchBubblingEvent(EventHandlerManager.java:191)
	at com.sun.javafx.event.CompositeEventDispatcher.dispatchBubblingEvent(CompositeEventDispatcher.java:59)
	at com.sun.javafx.event.BasicEventDispatcher.dispatchEvent(BasicEventDispatcher.java:58)
	at com.sun.javafx.event.EventDispatchChainImpl.dispatchEvent(EventDispatchChainImpl.java:114)
	at com.sun.javafx.event.BasicEventDispatcher.dispatchEvent(BasicEventDispatcher.java:56)
	at com.sun.javafx.event.EventDispatchChainImpl.dispatchEvent(EventDispatchChainImpl.java:114)
	at com.sun.javafx.event.BasicEventDispatcher.dispatchEvent(BasicEventDispatcher.java:56)
	at com.sun.javafx.event.EventDispatchChainImpl.dispatchEvent(EventDispatchChainImpl.java:114)
	at com.sun.javafx.event.EventUtil.fireEventImpl(EventUtil.java:74)
	at com.sun.javafx.event.EventUtil.fireEvent(EventUtil.java:54)
	at javafx.event.Event.fireEvent(Event.java:198)
	at javafx.scene.Scene$MouseHandler.process(Scene.java:3757)
	at javafx.scene.Scene$MouseHandler.access$1500(Scene.java:3485)
	at javafx.scene.Scene.impl_processMouseEvent(Scene.java:1762)
	at javafx.scene.Scene$ScenePeerListener.mouseEvent(Scene.java:2494)
	at com.sun.javafx.tk.quantum.GlassViewEventHandler$MouseEventNotification.run(GlassViewEventHandler.java:380)
	at com.sun.javafx.tk.quantum.GlassViewEventHandler$MouseEventNotification.run(GlassViewEventHandler.java:294)
	at java.security.AccessController.doPrivileged(Native Method)
	at com.sun.javafx.tk.quantum.GlassViewEventHandler.lambda$handleMouseEvent$354(GlassViewEventHandler.java:416)
	at com.sun.javafx.tk.quantum.QuantumToolkit.runWithoutRenderLock(QuantumToolkit.java:389)
	at com.sun.javafx.tk.quantum.GlassViewEventHandler.handleMouseEvent(GlassViewEventHandler.java:415)
	at com.sun.glass.ui.View.handleMouseEvent(View.java:555)
	at com.sun.glass.ui.View.notifyMouse(View.java:937)
	at com.sun.glass.ui.win.WinApplication._runLoop(Native Method)
	at com.sun.glass.ui.win.WinApplication.lambda$null$148(WinApplication.java:191)
	at java.lang.Thread.run(Thread.java:745)
2019-10-11 15:49:19 DEBUG SalesRecordsController:350 - end of populateSalesRecord() method
2019-10-11 15:49:19 INFO  SalesRecordsController:305 - end of initialize method
2019-10-11 15:49:27 DEBUG Controller:149 - ----> file:/D:/Source_Codes/Intellij/E-Commerce/target/classes/fxml/product.fxml
2019-10-11 15:49:34 DEBUG Controller:149 - ----> file:/D:/Source_Codes/Intellij/E-Commerce/target/classes/fxml/sales_record.fxml
2019-10-11 15:49:34 INFO  SalesRecordsController:86 - inside initialize method
2019-10-11 15:49:34 INFO  SalesRecordsController:325 - inside populateSalesRecords() method
2019-10-11 15:49:34 INFO  SalesRecordsDaoImpl:79 - insertSalesRecord() -> salesRecord: SalesRecords{product=null, salesman=null, inputPrice=0.0, outputPrice=0.0, date=Fri Oct 11 00:00:00 UZT 2019, quantity=null, sellingCoefficient=null}
2019-10-11 15:49:34 ERROR SalesRecordsController:341 - Error
java.sql.SQLException: database in auto-commit mode
	at org.sqlite.jdbc3.JDBC3Connection.rollback(JDBC3Connection.java:184)
	at sample.dao.impl.SalesRecordsDaoImpl.insertSalesRecord(SalesRecordsDaoImpl.java:99)
	at sample.controller.SalesRecordsController.addInitialRow(SalesRecordsController.java:359)
	at sample.controller.SalesRecordsController.populateSalesRecordsTable(SalesRecordsController.java:333)
	at sample.controller.SalesRecordsController.initialize(SalesRecordsController.java:257)
	at javafx.fxml.FXMLLoader.loadImpl(FXMLLoader.java:2548)
	at javafx.fxml.FXMLLoader.loadImpl(FXMLLoader.java:2441)
	at javafx.fxml.FXMLLoader.load(FXMLLoader.java:2409)
	at sample.controller.Controller.loadUI(Controller.java:151)
	at sample.controller.Controller.loadDetailed(Controller.java:108)
	at sun.reflect.NativeMethodAccessorImpl.invoke0(Native Method)
	at sun.reflect.NativeMethodAccessorImpl.invoke(NativeMethodAccessorImpl.java:62)
	at sun.reflect.DelegatingMethodAccessorImpl.invoke(DelegatingMethodAccessorImpl.java:43)
	at java.lang.reflect.Method.invoke(Method.java:498)
	at sun.reflect.misc.Trampoline.invoke(MethodUtil.java:71)
	at sun.reflect.GeneratedMethodAccessor1.invoke(Unknown Source)
	at sun.reflect.DelegatingMethodAccessorImpl.invoke(DelegatingMethodAccessorImpl.java:43)
	at java.lang.reflect.Method.invoke(Method.java:498)
	at sun.reflect.misc.MethodUtil.invoke(MethodUtil.java:275)
	at javafx.fxml.FXMLLoader$MethodHandler.invoke(FXMLLoader.java:1771)
	at javafx.fxml.FXMLLoader$ControllerMethodEventHandler.handle(FXMLLoader.java:1657)
	at com.sun.javafx.event.CompositeEventHandler.dispatchBubblingEvent(CompositeEventHandler.java:86)
	at com.sun.javafx.event.EventHandlerManager.dispatchBubblingEvent(EventHandlerManager.java:238)
	at com.sun.javafx.event.EventHandlerManager.dispatchBubblingEvent(EventHandlerManager.java:191)
	at com.sun.javafx.event.CompositeEventDispatcher.dispatchBubblingEvent(CompositeEventDispatcher.java:59)
	at com.sun.javafx.event.BasicEventDispatcher.dispatchEvent(BasicEventDispatcher.java:58)
	at com.sun.javafx.event.EventDispatchChainImpl.dispatchEvent(EventDispatchChainImpl.java:114)
	at com.sun.javafx.event.BasicEventDispatcher.dispatchEvent(BasicEventDispatcher.java:56)
	at com.sun.javafx.event.EventDispatchChainImpl.dispatchEvent(EventDispatchChainImpl.java:114)
	at com.sun.javafx.event.BasicEventDispatcher.dispatchEvent(BasicEventDispatcher.java:56)
	at com.sun.javafx.event.EventDispatchChainImpl.dispatchEvent(EventDispatchChainImpl.java:114)
	at com.sun.javafx.event.EventUtil.fireEventImpl(EventUtil.java:74)
	at com.sun.javafx.event.EventUtil.fireEvent(EventUtil.java:49)
	at javafx.event.Event.fireEvent(Event.java:198)
	at javafx.scene.Node.fireEvent(Node.java:8411)
	at javafx.scene.control.Button.fire(Button.java:185)
	at com.sun.javafx.scene.control.behavior.ButtonBehavior.mouseReleased(ButtonBehavior.java:182)
	at com.sun.javafx.scene.control.skin.BehaviorSkinBase$1.handle(BehaviorSkinBase.java:96)
	at com.sun.javafx.scene.control.skin.BehaviorSkinBase$1.handle(BehaviorSkinBase.java:89)
	at com.sun.javafx.event.CompositeEventHandler$NormalEventHandlerRecord.handleBubblingEvent(CompositeEventHandler.java:218)
	at com.sun.javafx.event.CompositeEventHandler.dispatchBubblingEvent(CompositeEventHandler.java:80)
	at com.sun.javafx.event.EventHandlerManager.dispatchBubblingEvent(EventHandlerManager.java:238)
	at com.sun.javafx.event.EventHandlerManager.dispatchBubblingEvent(EventHandlerManager.java:191)
	at com.sun.javafx.event.CompositeEventDispatcher.dispatchBubblingEvent(CompositeEventDispatcher.java:59)
	at com.sun.javafx.event.BasicEventDispatcher.dispatchEvent(BasicEventDispatcher.java:58)
	at com.sun.javafx.event.EventDispatchChainImpl.dispatchEvent(EventDispatchChainImpl.java:114)
	at com.sun.javafx.event.BasicEventDispatcher.dispatchEvent(BasicEventDispatcher.java:56)
	at com.sun.javafx.event.EventDispatchChainImpl.dispatchEvent(EventDispatchChainImpl.java:114)
	at com.sun.javafx.event.BasicEventDispatcher.dispatchEvent(BasicEventDispatcher.java:56)
	at com.sun.javafx.event.EventDispatchChainImpl.dispatchEvent(EventDispatchChainImpl.java:114)
	at com.sun.javafx.event.EventUtil.fireEventImpl(EventUtil.java:74)
	at com.sun.javafx.event.EventUtil.fireEvent(EventUtil.java:54)
	at javafx.event.Event.fireEvent(Event.java:198)
	at javafx.scene.Scene$MouseHandler.process(Scene.java:3757)
	at javafx.scene.Scene$MouseHandler.access$1500(Scene.java:3485)
	at javafx.scene.Scene.impl_processMouseEvent(Scene.java:1762)
	at javafx.scene.Scene$ScenePeerListener.mouseEvent(Scene.java:2494)
	at com.sun.javafx.tk.quantum.GlassViewEventHandler$MouseEventNotification.run(GlassViewEventHandler.java:380)
	at com.sun.javafx.tk.quantum.GlassViewEventHandler$MouseEventNotification.run(GlassViewEventHandler.java:294)
	at java.security.AccessController.doPrivileged(Native Method)
	at com.sun.javafx.tk.quantum.GlassViewEventHandler.lambda$handleMouseEvent$354(GlassViewEventHandler.java:416)
	at com.sun.javafx.tk.quantum.QuantumToolkit.runWithoutRenderLock(QuantumToolkit.java:389)
	at com.sun.javafx.tk.quantum.GlassViewEventHandler.handleMouseEvent(GlassViewEventHandler.java:415)
	at com.sun.glass.ui.View.handleMouseEvent(View.java:555)
	at com.sun.glass.ui.View.notifyMouse(View.java:937)
	at com.sun.glass.ui.win.WinApplication._runLoop(Native Method)
	at com.sun.glass.ui.win.WinApplication.lambda$null$148(WinApplication.java:191)
	at java.lang.Thread.run(Thread.java:745)
2019-10-11 15:49:35 DEBUG SalesRecordsController:350 - end of populateSalesRecord() method
2019-10-11 15:49:35 INFO  SalesRecordsController:305 - end of initialize method
2019-10-11 15:49:55 DEBUG Controller:149 - ----> file:/D:/Source_Codes/Intellij/E-Commerce/target/classes/fxml/product.fxml
2019-10-11 15:49:59 DEBUG Controller:149 - ----> file:/D:/Source_Codes/Intellij/E-Commerce/target/classes/fxml/sales_record.fxml
2019-10-11 15:49:59 INFO  SalesRecordsController:86 - inside initialize method
2019-10-11 15:49:59 INFO  SalesRecordsController:325 - inside populateSalesRecords() method
2019-10-11 15:50:27 INFO  SalesRecordsDaoImpl:79 - insertSalesRecord() -> salesRecord: SalesRecords{product=null, salesman=null, inputPrice=0.0, outputPrice=0.0, date=Fri Oct 11 00:00:00 UZT 2019, quantity=null, sellingCoefficient=null}
2019-10-11 15:50:38 ERROR SalesRecordsController:341 - Error
java.sql.SQLException: database in auto-commit mode
	at org.sqlite.jdbc3.JDBC3Connection.rollback(JDBC3Connection.java:184)
	at sample.dao.impl.SalesRecordsDaoImpl.insertSalesRecord(SalesRecordsDaoImpl.java:99)
	at sample.controller.SalesRecordsController.addInitialRow(SalesRecordsController.java:359)
	at sample.controller.SalesRecordsController.populateSalesRecordsTable(SalesRecordsController.java:333)
	at sample.controller.SalesRecordsController.initialize(SalesRecordsController.java:257)
	at javafx.fxml.FXMLLoader.loadImpl(FXMLLoader.java:2548)
	at javafx.fxml.FXMLLoader.loadImpl(FXMLLoader.java:2441)
	at javafx.fxml.FXMLLoader.load(FXMLLoader.java:2409)
	at sample.controller.Controller.loadUI(Controller.java:151)
	at sample.controller.Controller.loadDetailed(Controller.java:108)
	at sun.reflect.NativeMethodAccessorImpl.invoke0(Native Method)
	at sun.reflect.NativeMethodAccessorImpl.invoke(NativeMethodAccessorImpl.java:62)
	at sun.reflect.DelegatingMethodAccessorImpl.invoke(DelegatingMethodAccessorImpl.java:43)
	at java.lang.reflect.Method.invoke(Method.java:498)
	at sun.reflect.misc.Trampoline.invoke(MethodUtil.java:71)
	at sun.reflect.GeneratedMethodAccessor1.invoke(Unknown Source)
	at sun.reflect.DelegatingMethodAccessorImpl.invoke(DelegatingMethodAccessorImpl.java:43)
	at java.lang.reflect.Method.invoke(Method.java:498)
	at sun.reflect.misc.MethodUtil.invoke(MethodUtil.java:275)
	at javafx.fxml.FXMLLoader$MethodHandler.invoke(FXMLLoader.java:1771)
	at javafx.fxml.FXMLLoader$ControllerMethodEventHandler.handle(FXMLLoader.java:1657)
	at com.sun.javafx.event.CompositeEventHandler.dispatchBubblingEvent(CompositeEventHandler.java:86)
	at com.sun.javafx.event.EventHandlerManager.dispatchBubblingEvent(EventHandlerManager.java:238)
	at com.sun.javafx.event.EventHandlerManager.dispatchBubblingEvent(EventHandlerManager.java:191)
	at com.sun.javafx.event.CompositeEventDispatcher.dispatchBubblingEvent(CompositeEventDispatcher.java:59)
	at com.sun.javafx.event.BasicEventDispatcher.dispatchEvent(BasicEventDispatcher.java:58)
	at com.sun.javafx.event.EventDispatchChainImpl.dispatchEvent(EventDispatchChainImpl.java:114)
	at com.sun.javafx.event.BasicEventDispatcher.dispatchEvent(BasicEventDispatcher.java:56)
	at com.sun.javafx.event.EventDispatchChainImpl.dispatchEvent(EventDispatchChainImpl.java:114)
	at com.sun.javafx.event.BasicEventDispatcher.dispatchEvent(BasicEventDispatcher.java:56)
	at com.sun.javafx.event.EventDispatchChainImpl.dispatchEvent(EventDispatchChainImpl.java:114)
	at com.sun.javafx.event.EventUtil.fireEventImpl(EventUtil.java:74)
	at com.sun.javafx.event.EventUtil.fireEvent(EventUtil.java:49)
	at javafx.event.Event.fireEvent(Event.java:198)
	at javafx.scene.Node.fireEvent(Node.java:8411)
	at javafx.scene.control.Button.fire(Button.java:185)
	at com.sun.javafx.scene.control.behavior.ButtonBehavior.mouseReleased(ButtonBehavior.java:182)
	at com.sun.javafx.scene.control.skin.BehaviorSkinBase$1.handle(BehaviorSkinBase.java:96)
	at com.sun.javafx.scene.control.skin.BehaviorSkinBase$1.handle(BehaviorSkinBase.java:89)
	at com.sun.javafx.event.CompositeEventHandler$NormalEventHandlerRecord.handleBubblingEvent(CompositeEventHandler.java:218)
	at com.sun.javafx.event.CompositeEventHandler.dispatchBubblingEvent(CompositeEventHandler.java:80)
	at com.sun.javafx.event.EventHandlerManager.dispatchBubblingEvent(EventHandlerManager.java:238)
	at com.sun.javafx.event.EventHandlerManager.dispatchBubblingEvent(EventHandlerManager.java:191)
	at com.sun.javafx.event.CompositeEventDispatcher.dispatchBubblingEvent(CompositeEventDispatcher.java:59)
	at com.sun.javafx.event.BasicEventDispatcher.dispatchEvent(BasicEventDispatcher.java:58)
	at com.sun.javafx.event.EventDispatchChainImpl.dispatchEvent(EventDispatchChainImpl.java:114)
	at com.sun.javafx.event.BasicEventDispatcher.dispatchEvent(BasicEventDispatcher.java:56)
	at com.sun.javafx.event.EventDispatchChainImpl.dispatchEvent(EventDispatchChainImpl.java:114)
	at com.sun.javafx.event.BasicEventDispatcher.dispatchEvent(BasicEventDispatcher.java:56)
	at com.sun.javafx.event.EventDispatchChainImpl.dispatchEvent(EventDispatchChainImpl.java:114)
	at com.sun.javafx.event.EventUtil.fireEventImpl(EventUtil.java:74)
	at com.sun.javafx.event.EventUtil.fireEvent(EventUtil.java:54)
	at javafx.event.Event.fireEvent(Event.java:198)
	at javafx.scene.Scene$MouseHandler.process(Scene.java:3757)
	at javafx.scene.Scene$MouseHandler.access$1500(Scene.java:3485)
	at javafx.scene.Scene.impl_processMouseEvent(Scene.java:1762)
	at javafx.scene.Scene$ScenePeerListener.mouseEvent(Scene.java:2494)
	at com.sun.javafx.tk.quantum.GlassViewEventHandler$MouseEventNotification.run(GlassViewEventHandler.java:380)
	at com.sun.javafx.tk.quantum.GlassViewEventHandler$MouseEventNotification.run(GlassViewEventHandler.java:294)
	at java.security.AccessController.doPrivileged(Native Method)
	at com.sun.javafx.tk.quantum.GlassViewEventHandler.lambda$handleMouseEvent$354(GlassViewEventHandler.java:416)
	at com.sun.javafx.tk.quantum.QuantumToolkit.runWithoutRenderLock(QuantumToolkit.java:389)
	at com.sun.javafx.tk.quantum.GlassViewEventHandler.handleMouseEvent(GlassViewEventHandler.java:415)
	at com.sun.glass.ui.View.handleMouseEvent(View.java:555)
	at com.sun.glass.ui.View.notifyMouse(View.java:937)
	at com.sun.glass.ui.win.WinApplication._runLoop(Native Method)
	at com.sun.glass.ui.win.WinApplication.lambda$null$148(WinApplication.java:191)
	at java.lang.Thread.run(Thread.java:745)
2019-10-11 15:50:47 DEBUG SalesRecordsController:350 - end of populateSalesRecord() method
2019-10-11 15:50:47 INFO  SalesRecordsController:305 - end of initialize method
2019-10-11 15:51:05 DEBUG Controller:149 - ----> file:/D:/Source_Codes/Intellij/E-Commerce/target/classes/fxml/product.fxml
2019-10-11 15:51:08 DEBUG Controller:149 - ----> file:/D:/Source_Codes/Intellij/E-Commerce/target/classes/fxml/sales_record.fxml
2019-10-11 15:51:08 INFO  SalesRecordsController:86 - inside initialize method
2019-10-11 15:51:08 INFO  SalesRecordsController:325 - inside populateSalesRecords() method
2019-10-11 15:51:11 INFO  SalesRecordsDaoImpl:79 - insertSalesRecord() -> salesRecord: SalesRecords{product=null, salesman=null, inputPrice=0.0, outputPrice=0.0, date=Fri Oct 11 00:00:00 UZT 2019, quantity=null, sellingCoefficient=null}
2019-10-11 15:51:12 ERROR SalesRecordsController:341 - Error
java.sql.SQLException: database in auto-commit mode
	at org.sqlite.jdbc3.JDBC3Connection.rollback(JDBC3Connection.java:184)
	at sample.dao.impl.SalesRecordsDaoImpl.insertSalesRecord(SalesRecordsDaoImpl.java:99)
	at sample.controller.SalesRecordsController.addInitialRow(SalesRecordsController.java:359)
	at sample.controller.SalesRecordsController.populateSalesRecordsTable(SalesRecordsController.java:333)
	at sample.controller.SalesRecordsController.initialize(SalesRecordsController.java:257)
	at javafx.fxml.FXMLLoader.loadImpl(FXMLLoader.java:2548)
	at javafx.fxml.FXMLLoader.loadImpl(FXMLLoader.java:2441)
	at javafx.fxml.FXMLLoader.load(FXMLLoader.java:2409)
	at sample.controller.Controller.loadUI(Controller.java:151)
	at sample.controller.Controller.loadDetailed(Controller.java:108)
	at sun.reflect.NativeMethodAccessorImpl.invoke0(Native Method)
	at sun.reflect.NativeMethodAccessorImpl.invoke(NativeMethodAccessorImpl.java:62)
	at sun.reflect.DelegatingMethodAccessorImpl.invoke(DelegatingMethodAccessorImpl.java:43)
	at java.lang.reflect.Method.invoke(Method.java:498)
	at sun.reflect.misc.Trampoline.invoke(MethodUtil.java:71)
	at sun.reflect.GeneratedMethodAccessor1.invoke(Unknown Source)
	at sun.reflect.DelegatingMethodAccessorImpl.invoke(DelegatingMethodAccessorImpl.java:43)
	at java.lang.reflect.Method.invoke(Method.java:498)
	at sun.reflect.misc.MethodUtil.invoke(MethodUtil.java:275)
	at javafx.fxml.FXMLLoader$MethodHandler.invoke(FXMLLoader.java:1771)
	at javafx.fxml.FXMLLoader$ControllerMethodEventHandler.handle(FXMLLoader.java:1657)
	at com.sun.javafx.event.CompositeEventHandler.dispatchBubblingEvent(CompositeEventHandler.java:86)
	at com.sun.javafx.event.EventHandlerManager.dispatchBubblingEvent(EventHandlerManager.java:238)
	at com.sun.javafx.event.EventHandlerManager.dispatchBubblingEvent(EventHandlerManager.java:191)
	at com.sun.javafx.event.CompositeEventDispatcher.dispatchBubblingEvent(CompositeEventDispatcher.java:59)
	at com.sun.javafx.event.BasicEventDispatcher.dispatchEvent(BasicEventDispatcher.java:58)
	at com.sun.javafx.event.EventDispatchChainImpl.dispatchEvent(EventDispatchChainImpl.java:114)
	at com.sun.javafx.event.BasicEventDispatcher.dispatchEvent(BasicEventDispatcher.java:56)
	at com.sun.javafx.event.EventDispatchChainImpl.dispatchEvent(EventDispatchChainImpl.java:114)
	at com.sun.javafx.event.BasicEventDispatcher.dispatchEvent(BasicEventDispatcher.java:56)
	at com.sun.javafx.event.EventDispatchChainImpl.dispatchEvent(EventDispatchChainImpl.java:114)
	at com.sun.javafx.event.EventUtil.fireEventImpl(EventUtil.java:74)
	at com.sun.javafx.event.EventUtil.fireEvent(EventUtil.java:49)
	at javafx.event.Event.fireEvent(Event.java:198)
	at javafx.scene.Node.fireEvent(Node.java:8411)
	at javafx.scene.control.Button.fire(Button.java:185)
	at com.sun.javafx.scene.control.behavior.ButtonBehavior.mouseReleased(ButtonBehavior.java:182)
	at com.sun.javafx.scene.control.skin.BehaviorSkinBase$1.handle(BehaviorSkinBase.java:96)
	at com.sun.javafx.scene.control.skin.BehaviorSkinBase$1.handle(BehaviorSkinBase.java:89)
	at com.sun.javafx.event.CompositeEventHandler$NormalEventHandlerRecord.handleBubblingEvent(CompositeEventHandler.java:218)
	at com.sun.javafx.event.CompositeEventHandler.dispatchBubblingEvent(CompositeEventHandler.java:80)
	at com.sun.javafx.event.EventHandlerManager.dispatchBubblingEvent(EventHandlerManager.java:238)
	at com.sun.javafx.event.EventHandlerManager.dispatchBubblingEvent(EventHandlerManager.java:191)
	at com.sun.javafx.event.CompositeEventDispatcher.dispatchBubblingEvent(CompositeEventDispatcher.java:59)
	at com.sun.javafx.event.BasicEventDispatcher.dispatchEvent(BasicEventDispatcher.java:58)
	at com.sun.javafx.event.EventDispatchChainImpl.dispatchEvent(EventDispatchChainImpl.java:114)
	at com.sun.javafx.event.BasicEventDispatcher.dispatchEvent(BasicEventDispatcher.java:56)
	at com.sun.javafx.event.EventDispatchChainImpl.dispatchEvent(EventDispatchChainImpl.java:114)
	at com.sun.javafx.event.BasicEventDispatcher.dispatchEvent(BasicEventDispatcher.java:56)
	at com.sun.javafx.event.EventDispatchChainImpl.dispatchEvent(EventDispatchChainImpl.java:114)
	at com.sun.javafx.event.EventUtil.fireEventImpl(EventUtil.java:74)
	at com.sun.javafx.event.EventUtil.fireEvent(EventUtil.java:54)
	at javafx.event.Event.fireEvent(Event.java:198)
	at javafx.scene.Scene$MouseHandler.process(Scene.java:3757)
	at javafx.scene.Scene$MouseHandler.access$1500(Scene.java:3485)
	at javafx.scene.Scene.impl_processMouseEvent(Scene.java:1762)
	at javafx.scene.Scene$ScenePeerListener.mouseEvent(Scene.java:2494)
	at com.sun.javafx.tk.quantum.GlassViewEventHandler$MouseEventNotification.run(GlassViewEventHandler.java:380)
	at com.sun.javafx.tk.quantum.GlassViewEventHandler$MouseEventNotification.run(GlassViewEventHandler.java:294)
	at java.security.AccessController.doPrivileged(Native Method)
	at com.sun.javafx.tk.quantum.GlassViewEventHandler.lambda$handleMouseEvent$354(GlassViewEventHandler.java:416)
	at com.sun.javafx.tk.quantum.QuantumToolkit.runWithoutRenderLock(QuantumToolkit.java:389)
	at com.sun.javafx.tk.quantum.GlassViewEventHandler.handleMouseEvent(GlassViewEventHandler.java:415)
	at com.sun.glass.ui.View.handleMouseEvent(View.java:555)
	at com.sun.glass.ui.View.notifyMouse(View.java:937)
	at com.sun.glass.ui.win.WinApplication._runLoop(Native Method)
	at com.sun.glass.ui.win.WinApplication.lambda$null$148(WinApplication.java:191)
	at java.lang.Thread.run(Thread.java:745)
2019-10-11 15:51:31 DEBUG SalesRecordsController:350 - end of populateSalesRecord() method
2019-10-11 15:51:31 INFO  SalesRecordsController:305 - end of initialize method
2019-10-11 15:52:32 DEBUG Controller:149 - ----> file:/D:/Source_Codes/Intellij/E-Commerce/target/classes/fxml/product.fxml
2019-10-11 15:52:37 DEBUG Controller:149 - ----> file:/D:/Source_Codes/Intellij/E-Commerce/target/classes/fxml/sales_record.fxml
2019-10-11 15:52:37 INFO  SalesRecordsController:86 - inside initialize method
2019-10-11 15:52:37 INFO  SalesRecordsController:325 - inside populateSalesRecords() method
2019-10-11 15:52:41 INFO  SalesRecordsDaoImpl:79 - insertSalesRecord() -> salesRecord: SalesRecords{product=null, salesman=null, inputPrice=0.0, outputPrice=0.0, date=Fri Oct 11 00:00:00 UZT 2019, quantity=null, sellingCoefficient=null}
2019-10-11 15:52:41 ERROR SalesRecordsController:341 - Error
java.sql.SQLException: database in auto-commit mode
	at org.sqlite.jdbc3.JDBC3Connection.rollback(JDBC3Connection.java:184)
	at sample.dao.impl.SalesRecordsDaoImpl.insertSalesRecord(SalesRecordsDaoImpl.java:99)
	at sample.controller.SalesRecordsController.addInitialRow(SalesRecordsController.java:359)
	at sample.controller.SalesRecordsController.populateSalesRecordsTable(SalesRecordsController.java:333)
	at sample.controller.SalesRecordsController.initialize(SalesRecordsController.java:257)
	at javafx.fxml.FXMLLoader.loadImpl(FXMLLoader.java:2548)
	at javafx.fxml.FXMLLoader.loadImpl(FXMLLoader.java:2441)
	at javafx.fxml.FXMLLoader.load(FXMLLoader.java:2409)
	at sample.controller.Controller.loadUI(Controller.java:151)
	at sample.controller.Controller.loadDetailed(Controller.java:108)
	at sun.reflect.NativeMethodAccessorImpl.invoke0(Native Method)
	at sun.reflect.NativeMethodAccessorImpl.invoke(NativeMethodAccessorImpl.java:62)
	at sun.reflect.DelegatingMethodAccessorImpl.invoke(DelegatingMethodAccessorImpl.java:43)
	at java.lang.reflect.Method.invoke(Method.java:498)
	at sun.reflect.misc.Trampoline.invoke(MethodUtil.java:71)
	at sun.reflect.GeneratedMethodAccessor1.invoke(Unknown Source)
	at sun.reflect.DelegatingMethodAccessorImpl.invoke(DelegatingMethodAccessorImpl.java:43)
	at java.lang.reflect.Method.invoke(Method.java:498)
	at sun.reflect.misc.MethodUtil.invoke(MethodUtil.java:275)
	at javafx.fxml.FXMLLoader$MethodHandler.invoke(FXMLLoader.java:1771)
	at javafx.fxml.FXMLLoader$ControllerMethodEventHandler.handle(FXMLLoader.java:1657)
	at com.sun.javafx.event.CompositeEventHandler.dispatchBubblingEvent(CompositeEventHandler.java:86)
	at com.sun.javafx.event.EventHandlerManager.dispatchBubblingEvent(EventHandlerManager.java:238)
	at com.sun.javafx.event.EventHandlerManager.dispatchBubblingEvent(EventHandlerManager.java:191)
	at com.sun.javafx.event.CompositeEventDispatcher.dispatchBubblingEvent(CompositeEventDispatcher.java:59)
	at com.sun.javafx.event.BasicEventDispatcher.dispatchEvent(BasicEventDispatcher.java:58)
	at com.sun.javafx.event.EventDispatchChainImpl.dispatchEvent(EventDispatchChainImpl.java:114)
	at com.sun.javafx.event.BasicEventDispatcher.dispatchEvent(BasicEventDispatcher.java:56)
	at com.sun.javafx.event.EventDispatchChainImpl.dispatchEvent(EventDispatchChainImpl.java:114)
	at com.sun.javafx.event.BasicEventDispatcher.dispatchEvent(BasicEventDispatcher.java:56)
	at com.sun.javafx.event.EventDispatchChainImpl.dispatchEvent(EventDispatchChainImpl.java:114)
	at com.sun.javafx.event.EventUtil.fireEventImpl(EventUtil.java:74)
	at com.sun.javafx.event.EventUtil.fireEvent(EventUtil.java:49)
	at javafx.event.Event.fireEvent(Event.java:198)
	at javafx.scene.Node.fireEvent(Node.java:8411)
	at javafx.scene.control.Button.fire(Button.java:185)
	at com.sun.javafx.scene.control.behavior.ButtonBehavior.mouseReleased(ButtonBehavior.java:182)
	at com.sun.javafx.scene.control.skin.BehaviorSkinBase$1.handle(BehaviorSkinBase.java:96)
	at com.sun.javafx.scene.control.skin.BehaviorSkinBase$1.handle(BehaviorSkinBase.java:89)
	at com.sun.javafx.event.CompositeEventHandler$NormalEventHandlerRecord.handleBubblingEvent(CompositeEventHandler.java:218)
	at com.sun.javafx.event.CompositeEventHandler.dispatchBubblingEvent(CompositeEventHandler.java:80)
	at com.sun.javafx.event.EventHandlerManager.dispatchBubblingEvent(EventHandlerManager.java:238)
	at com.sun.javafx.event.EventHandlerManager.dispatchBubblingEvent(EventHandlerManager.java:191)
	at com.sun.javafx.event.CompositeEventDispatcher.dispatchBubblingEvent(CompositeEventDispatcher.java:59)
	at com.sun.javafx.event.BasicEventDispatcher.dispatchEvent(BasicEventDispatcher.java:58)
	at com.sun.javafx.event.EventDispatchChainImpl.dispatchEvent(EventDispatchChainImpl.java:114)
	at com.sun.javafx.event.BasicEventDispatcher.dispatchEvent(BasicEventDispatcher.java:56)
	at com.sun.javafx.event.EventDispatchChainImpl.dispatchEvent(EventDispatchChainImpl.java:114)
	at com.sun.javafx.event.BasicEventDispatcher.dispatchEvent(BasicEventDispatcher.java:56)
	at com.sun.javafx.event.EventDispatchChainImpl.dispatchEvent(EventDispatchChainImpl.java:114)
	at com.sun.javafx.event.EventUtil.fireEventImpl(EventUtil.java:74)
	at com.sun.javafx.event.EventUtil.fireEvent(EventUtil.java:54)
	at javafx.event.Event.fireEvent(Event.java:198)
	at javafx.scene.Scene$MouseHandler.process(Scene.java:3757)
	at javafx.scene.Scene$MouseHandler.access$1500(Scene.java:3485)
	at javafx.scene.Scene.impl_processMouseEvent(Scene.java:1762)
	at javafx.scene.Scene$ScenePeerListener.mouseEvent(Scene.java:2494)
	at com.sun.javafx.tk.quantum.GlassViewEventHandler$MouseEventNotification.run(GlassViewEventHandler.java:380)
	at com.sun.javafx.tk.quantum.GlassViewEventHandler$MouseEventNotification.run(GlassViewEventHandler.java:294)
	at java.security.AccessController.doPrivileged(Native Method)
	at com.sun.javafx.tk.quantum.GlassViewEventHandler.lambda$handleMouseEvent$354(GlassViewEventHandler.java:416)
	at com.sun.javafx.tk.quantum.QuantumToolkit.runWithoutRenderLock(QuantumToolkit.java:389)
	at com.sun.javafx.tk.quantum.GlassViewEventHandler.handleMouseEvent(GlassViewEventHandler.java:415)
	at com.sun.glass.ui.View.handleMouseEvent(View.java:555)
	at com.sun.glass.ui.View.notifyMouse(View.java:937)
	at com.sun.glass.ui.win.WinApplication._runLoop(Native Method)
	at com.sun.glass.ui.win.WinApplication.lambda$null$148(WinApplication.java:191)
	at java.lang.Thread.run(Thread.java:745)
2019-10-11 15:52:47 DEBUG SalesRecordsController:350 - end of populateSalesRecord() method
2019-10-11 15:52:47 INFO  SalesRecordsController:305 - end of initialize method
2019-10-11 15:53:50 DEBUG Controller:149 - ----> file:/D:/Source_Codes/Intellij/E-Commerce/target/classes/fxml/product.fxml
2019-10-11 15:53:53 DEBUG Controller:149 - ----> file:/D:/Source_Codes/Intellij/E-Commerce/target/classes/fxml/sales_record.fxml
2019-10-11 15:53:54 INFO  SalesRecordsController:86 - inside initialize method
2019-10-11 15:53:54 INFO  SalesRecordsController:325 - inside populateSalesRecords() method
2019-10-11 15:53:57 INFO  SalesRecordsDaoImpl:79 - insertSalesRecord() -> salesRecord: SalesRecords{id=0, product=null, salesman=null, inputPrice=0.0, outputPrice=0.0, date=Fri Oct 11 00:00:00 UZT 2019, imageBody=null, quantity=null, sellingCoefficient=null}
2019-10-11 15:53:58 ERROR SalesRecordsController:341 - Error
java.sql.SQLException: database in auto-commit mode
	at org.sqlite.jdbc3.JDBC3Connection.rollback(JDBC3Connection.java:184)
	at sample.dao.impl.SalesRecordsDaoImpl.insertSalesRecord(SalesRecordsDaoImpl.java:99)
	at sample.controller.SalesRecordsController.addInitialRow(SalesRecordsController.java:359)
	at sample.controller.SalesRecordsController.populateSalesRecordsTable(SalesRecordsController.java:333)
	at sample.controller.SalesRecordsController.initialize(SalesRecordsController.java:257)
	at javafx.fxml.FXMLLoader.loadImpl(FXMLLoader.java:2548)
	at javafx.fxml.FXMLLoader.loadImpl(FXMLLoader.java:2441)
	at javafx.fxml.FXMLLoader.load(FXMLLoader.java:2409)
	at sample.controller.Controller.loadUI(Controller.java:151)
	at sample.controller.Controller.loadDetailed(Controller.java:108)
	at sun.reflect.NativeMethodAccessorImpl.invoke0(Native Method)
	at sun.reflect.NativeMethodAccessorImpl.invoke(NativeMethodAccessorImpl.java:62)
	at sun.reflect.DelegatingMethodAccessorImpl.invoke(DelegatingMethodAccessorImpl.java:43)
	at java.lang.reflect.Method.invoke(Method.java:498)
	at sun.reflect.misc.Trampoline.invoke(MethodUtil.java:71)
	at sun.reflect.GeneratedMethodAccessor1.invoke(Unknown Source)
	at sun.reflect.DelegatingMethodAccessorImpl.invoke(DelegatingMethodAccessorImpl.java:43)
	at java.lang.reflect.Method.invoke(Method.java:498)
	at sun.reflect.misc.MethodUtil.invoke(MethodUtil.java:275)
	at javafx.fxml.FXMLLoader$MethodHandler.invoke(FXMLLoader.java:1771)
	at javafx.fxml.FXMLLoader$ControllerMethodEventHandler.handle(FXMLLoader.java:1657)
	at com.sun.javafx.event.CompositeEventHandler.dispatchBubblingEvent(CompositeEventHandler.java:86)
	at com.sun.javafx.event.EventHandlerManager.dispatchBubblingEvent(EventHandlerManager.java:238)
	at com.sun.javafx.event.EventHandlerManager.dispatchBubblingEvent(EventHandlerManager.java:191)
	at com.sun.javafx.event.CompositeEventDispatcher.dispatchBubblingEvent(CompositeEventDispatcher.java:59)
	at com.sun.javafx.event.BasicEventDispatcher.dispatchEvent(BasicEventDispatcher.java:58)
	at com.sun.javafx.event.EventDispatchChainImpl.dispatchEvent(EventDispatchChainImpl.java:114)
	at com.sun.javafx.event.BasicEventDispatcher.dispatchEvent(BasicEventDispatcher.java:56)
	at com.sun.javafx.event.EventDispatchChainImpl.dispatchEvent(EventDispatchChainImpl.java:114)
	at com.sun.javafx.event.BasicEventDispatcher.dispatchEvent(BasicEventDispatcher.java:56)
	at com.sun.javafx.event.EventDispatchChainImpl.dispatchEvent(EventDispatchChainImpl.java:114)
	at com.sun.javafx.event.EventUtil.fireEventImpl(EventUtil.java:74)
	at com.sun.javafx.event.EventUtil.fireEvent(EventUtil.java:49)
	at javafx.event.Event.fireEvent(Event.java:198)
	at javafx.scene.Node.fireEvent(Node.java:8411)
	at javafx.scene.control.Button.fire(Button.java:185)
	at com.sun.javafx.scene.control.behavior.ButtonBehavior.mouseReleased(ButtonBehavior.java:182)
	at com.sun.javafx.scene.control.skin.BehaviorSkinBase$1.handle(BehaviorSkinBase.java:96)
	at com.sun.javafx.scene.control.skin.BehaviorSkinBase$1.handle(BehaviorSkinBase.java:89)
	at com.sun.javafx.event.CompositeEventHandler$NormalEventHandlerRecord.handleBubblingEvent(CompositeEventHandler.java:218)
	at com.sun.javafx.event.CompositeEventHandler.dispatchBubblingEvent(CompositeEventHandler.java:80)
	at com.sun.javafx.event.EventHandlerManager.dispatchBubblingEvent(EventHandlerManager.java:238)
	at com.sun.javafx.event.EventHandlerManager.dispatchBubblingEvent(EventHandlerManager.java:191)
	at com.sun.javafx.event.CompositeEventDispatcher.dispatchBubblingEvent(CompositeEventDispatcher.java:59)
	at com.sun.javafx.event.BasicEventDispatcher.dispatchEvent(BasicEventDispatcher.java:58)
	at com.sun.javafx.event.EventDispatchChainImpl.dispatchEvent(EventDispatchChainImpl.java:114)
	at com.sun.javafx.event.BasicEventDispatcher.dispatchEvent(BasicEventDispatcher.java:56)
	at com.sun.javafx.event.EventDispatchChainImpl.dispatchEvent(EventDispatchChainImpl.java:114)
	at com.sun.javafx.event.BasicEventDispatcher.dispatchEvent(BasicEventDispatcher.java:56)
	at com.sun.javafx.event.EventDispatchChainImpl.dispatchEvent(EventDispatchChainImpl.java:114)
	at com.sun.javafx.event.EventUtil.fireEventImpl(EventUtil.java:74)
	at com.sun.javafx.event.EventUtil.fireEvent(EventUtil.java:54)
	at javafx.event.Event.fireEvent(Event.java:198)
	at javafx.scene.Scene$MouseHandler.process(Scene.java:3757)
	at javafx.scene.Scene$MouseHandler.access$1500(Scene.java:3485)
	at javafx.scene.Scene.impl_processMouseEvent(Scene.java:1762)
	at javafx.scene.Scene$ScenePeerListener.mouseEvent(Scene.java:2494)
	at com.sun.javafx.tk.quantum.GlassViewEventHandler$MouseEventNotification.run(GlassViewEventHandler.java:380)
	at com.sun.javafx.tk.quantum.GlassViewEventHandler$MouseEventNotification.run(GlassViewEventHandler.java:294)
	at java.security.AccessController.doPrivileged(Native Method)
	at com.sun.javafx.tk.quantum.GlassViewEventHandler.lambda$handleMouseEvent$354(GlassViewEventHandler.java:416)
	at com.sun.javafx.tk.quantum.QuantumToolkit.runWithoutRenderLock(QuantumToolkit.java:389)
	at com.sun.javafx.tk.quantum.GlassViewEventHandler.handleMouseEvent(GlassViewEventHandler.java:415)
	at com.sun.glass.ui.View.handleMouseEvent(View.java:555)
	at com.sun.glass.ui.View.notifyMouse(View.java:937)
	at com.sun.glass.ui.win.WinApplication._runLoop(Native Method)
	at com.sun.glass.ui.win.WinApplication.lambda$null$148(WinApplication.java:191)
	at java.lang.Thread.run(Thread.java:745)
2019-10-11 15:54:57 DEBUG SalesRecordsController:350 - end of populateSalesRecord() method
2019-10-11 15:54:57 INFO  SalesRecordsController:305 - end of initialize method
2019-10-11 16:00:29 DEBUG Controller:149 - ----> file:/D:/Source_Codes/Intellij/E-Commerce/target/classes/fxml/product.fxml
2019-10-11 16:00:54 DEBUG Controller:149 - ----> file:/D:/Source_Codes/Intellij/E-Commerce/target/classes/fxml/product.fxml
2019-10-11 16:00:57 DEBUG Controller:149 - ----> file:/D:/Source_Codes/Intellij/E-Commerce/target/classes/fxml/sales_record.fxml
2019-10-11 16:00:57 INFO  SalesRecordsController:86 - inside initialize method
2019-10-11 16:00:58 INFO  SalesRecordsController:325 - inside populateSalesRecords() method
2019-10-11 16:00:58 INFO  SalesRecordsDaoImpl:79 - insertSalesRecord() -> salesRecord: SalesRecords{id=0, product=null, salesman=null, inputPrice=0.0, outputPrice=0.0, date=Fri Oct 11 00:00:00 UZT 2019, imageBody=null, quantity=null, sellingCoefficient=null}
2019-10-11 16:00:58 DEBUG SalesRecordsController:350 - end of populateSalesRecord() method
2019-10-11 16:00:58 INFO  SalesRecordsController:305 - end of initialize method
2019-10-11 16:01:03 DEBUG Controller:149 - ----> file:/D:/Source_Codes/Intellij/E-Commerce/target/classes/fxml/salesman.fxml
2019-10-11 16:01:04 DEBUG Controller:149 - ----> file:/D:/Source_Codes/Intellij/E-Commerce/target/classes/fxml/product_type.fxml
2019-10-11 16:01:05 DEBUG Controller:149 - ----> file:/D:/Source_Codes/Intellij/E-Commerce/target/classes/fxml/product.fxml
2019-10-11 20:36:21 DEBUG Controller:149 - ----> file:/D:/Source_Codes/Intellij/E-Commerce/target/classes/fxml/product.fxml
2019-10-11 20:36:25 DEBUG Controller:149 - ----> file:/D:/Source_Codes/Intellij/E-Commerce/target/classes/fxml/sales_record.fxml
2019-10-11 20:36:25 INFO  SalesRecordsController:86 - inside initialize method
2019-10-11 20:36:25 INFO  SalesRecordsController:325 - inside populateSalesRecords() method
2019-10-11 20:36:25 DEBUG SalesRecordsController:350 - end of populateSalesRecord() method
2019-10-11 20:36:25 INFO  SalesRecordsController:305 - end of initialize method
2019-10-11 20:36:28 DEBUG Controller:149 - ----> file:/D:/Source_Codes/Intellij/E-Commerce/target/classes/fxml/product_type.fxml
2019-10-11 20:36:30 DEBUG Controller:149 - ----> file:/D:/Source_Codes/Intellij/E-Commerce/target/classes/fxml/sales_record.fxml
2019-10-11 20:36:30 INFO  SalesRecordsController:86 - inside initialize method
2019-10-11 20:36:30 INFO  SalesRecordsController:325 - inside populateSalesRecords() method
2019-10-11 20:36:30 DEBUG SalesRecordsController:350 - end of populateSalesRecord() method
2019-10-11 20:36:30 INFO  SalesRecordsController:305 - end of initialize method
2019-10-11 20:37:05 DEBUG Controller:149 - ----> file:/D:/Source_Codes/Intellij/E-Commerce/target/classes/fxml/product_type.fxml
2019-10-11 20:38:44 DEBUG Controller:149 - ----> file:/D:/Source_Codes/Intellij/E-Commerce/target/classes/fxml/product.fxml
2019-10-11 20:38:54 DEBUG Controller:149 - ----> file:/D:/Source_Codes/Intellij/E-Commerce/target/classes/fxml/sales_record.fxml
2019-10-11 20:38:54 INFO  SalesRecordsController:86 - inside initialize method
2019-10-11 20:38:54 INFO  SalesRecordsController:325 - inside populateSalesRecords() method
2019-10-11 20:38:54 DEBUG SalesRecordsController:350 - end of populateSalesRecord() method
2019-10-11 20:38:54 INFO  SalesRecordsController:305 - end of initialize method
2019-10-11 20:43:43 DEBUG Controller:149 - ----> file:/D:/Source_Codes/Intellij/E-Commerce/target/classes/fxml/product.fxml
2019-10-11 20:43:53 DEBUG Controller:149 - ----> file:/D:/Source_Codes/Intellij/E-Commerce/target/classes/fxml/sales_record.fxml
2019-10-11 20:43:53 INFO  SalesRecordsController:86 - inside initialize method
2019-10-11 20:43:53 INFO  SalesRecordsController:325 - inside populateSalesRecords() method
2019-10-11 20:43:53 DEBUG SalesRecordsController:350 - end of populateSalesRecord() method
2019-10-11 20:43:53 INFO  SalesRecordsController:305 - end of initialize method
2019-10-11 20:47:30 DEBUG Controller:149 - ----> file:/D:/Source_Codes/Intellij/E-Commerce/target/classes/fxml/product.fxml
2019-10-11 20:47:34 DEBUG Controller:149 - ----> file:/D:/Source_Codes/Intellij/E-Commerce/target/classes/fxml/sales_record.fxml
2019-10-11 20:47:34 INFO  SalesRecordsController:86 - inside initialize method
2019-10-11 20:47:34 INFO  SalesRecordsController:325 - inside populateSalesRecords() method
2019-10-11 20:47:34 DEBUG SalesRecordsController:350 - end of populateSalesRecord() method
2019-10-11 20:47:34 INFO  SalesRecordsController:305 - end of initialize method
2019-10-11 20:51:59 DEBUG Controller:149 - ----> file:/D:/Source_Codes/Intellij/E-Commerce/target/classes/fxml/product.fxml
2019-10-11 20:52:15 DEBUG Controller:149 - ----> file:/D:/Source_Codes/Intellij/E-Commerce/target/classes/fxml/sales_record.fxml
2019-10-11 20:52:15 INFO  SalesRecordsController:86 - inside initialize method
2019-10-11 20:52:15 INFO  SalesRecordsController:325 - inside populateSalesRecords() method
2019-10-11 20:52:15 DEBUG SalesRecordsController:350 - end of populateSalesRecord() method
2019-10-11 20:52:15 INFO  SalesRecordsController:305 - end of initialize method
2019-10-11 20:53:34 DEBUG Controller:149 - ----> file:/D:/Source_Codes/Intellij/E-Commerce/target/classes/fxml/product.fxml
2019-10-11 20:53:45 DEBUG Controller:149 - ----> file:/D:/Source_Codes/Intellij/E-Commerce/target/classes/fxml/sales_record.fxml
2019-10-11 20:53:45 INFO  SalesRecordsController:86 - inside initialize method
2019-10-11 20:53:45 INFO  SalesRecordsController:325 - inside populateSalesRecords() method
2019-10-11 20:53:45 DEBUG SalesRecordsController:350 - end of populateSalesRecord() method
2019-10-11 20:53:45 INFO  SalesRecordsController:305 - end of initialize method
2019-10-11 20:55:14 DEBUG Controller:149 - ----> file:/D:/Source_Codes/Intellij/E-Commerce/target/classes/fxml/product.fxml
2019-10-11 20:55:18 DEBUG Controller:149 - ----> file:/D:/Source_Codes/Intellij/E-Commerce/target/classes/fxml/sales_record.fxml
2019-10-11 20:55:18 INFO  SalesRecordsController:86 - inside initialize method
2019-10-11 20:55:18 INFO  SalesRecordsController:325 - inside populateSalesRecords() method
2019-10-11 20:55:18 DEBUG SalesRecordsController:350 - end of populateSalesRecord() method
2019-10-11 20:55:18 INFO  SalesRecordsController:305 - end of initialize method
2019-10-11 21:00:12 DEBUG Controller:149 - ----> file:/D:/Source_Codes/Intellij/E-Commerce/target/classes/fxml/product.fxml
2019-10-11 21:01:15 DEBUG Controller:149 - ----> file:/D:/Source_Codes/Intellij/E-Commerce/target/classes/fxml/sales_record.fxml
2019-10-11 21:01:15 INFO  SalesRecordsController:86 - inside initialize method
2019-10-11 21:01:15 INFO  SalesRecordsController:325 - inside populateSalesRecords() method
2019-10-11 21:01:15 DEBUG SalesRecordsController:350 - end of populateSalesRecord() method
2019-10-11 21:01:15 INFO  SalesRecordsController:305 - end of initialize method
2019-10-11 21:05:58 DEBUG Controller:149 - ----> file:/D:/Source_Codes/Intellij/E-Commerce/target/classes/fxml/product.fxml
2019-10-11 21:06:01 DEBUG Controller:149 - ----> file:/D:/Source_Codes/Intellij/E-Commerce/target/classes/fxml/sales_record.fxml
2019-10-11 21:06:01 INFO  SalesRecordsController:86 - inside initialize method
2019-10-11 21:06:01 INFO  SalesRecordsController:325 - inside populateSalesRecords() method
2019-10-11 21:06:01 DEBUG SalesRecordsController:350 - end of populateSalesRecord() method
2019-10-11 21:06:01 INFO  SalesRecordsController:305 - end of initialize method
2019-10-11 21:08:09 DEBUG Controller:149 - ----> file:/D:/Source_Codes/Intellij/E-Commerce/target/classes/fxml/product.fxml
2019-10-11 21:08:12 DEBUG Controller:149 - ----> file:/D:/Source_Codes/Intellij/E-Commerce/target/classes/fxml/sales_record.fxml
2019-10-11 21:08:13 INFO  SalesRecordsController:86 - inside initialize method
2019-10-11 21:08:13 INFO  SalesRecordsController:325 - inside populateSalesRecords() method
2019-10-11 21:08:13 DEBUG SalesRecordsController:350 - end of populateSalesRecord() method
2019-10-11 21:08:13 INFO  SalesRecordsController:305 - end of initialize method
2019-10-11 21:09:03 DEBUG Controller:149 - ----> file:/D:/Source_Codes/Intellij/E-Commerce/target/classes/fxml/product.fxml
2019-10-11 21:09:07 DEBUG Controller:149 - ----> file:/D:/Source_Codes/Intellij/E-Commerce/target/classes/fxml/sales_record.fxml
2019-10-11 21:09:07 INFO  SalesRecordsController:86 - inside initialize method
2019-10-11 21:09:07 INFO  SalesRecordsController:325 - inside populateSalesRecords() method
2019-10-11 21:09:07 INFO  SalesRecordsDaoImpl:79 - insertSalesRecord() -> salesRecord: SalesRecords{id=0, product=null, salesman=null, inputPrice=0.0, outputPrice=0.0, date=Fri Oct 11 00:00:00 UZT 2019, imageBody=null, quantity=null, sellingCoefficient=null}
2019-10-11 21:09:07 DEBUG SalesRecordsController:350 - end of populateSalesRecord() method
2019-10-11 21:09:07 INFO  SalesRecordsController:305 - end of initialize method
2019-10-11 21:12:07 DEBUG Controller:149 - ----> file:/D:/Source_Codes/Intellij/E-Commerce/target/classes/fxml/product.fxml
2019-10-11 21:12:10 DEBUG Controller:149 - ----> file:/D:/Source_Codes/Intellij/E-Commerce/target/classes/fxml/sales_record.fxml
2019-10-11 21:12:10 INFO  SalesRecordsController:86 - inside initialize method
2019-10-11 21:12:10 INFO  SalesRecordsController:325 - inside populateSalesRecords() method
2019-10-11 21:12:10 DEBUG SalesRecordsController:350 - end of populateSalesRecord() method
2019-10-11 21:12:10 INFO  SalesRecordsController:305 - end of initialize method
2019-10-11 21:12:15 INFO  SalesRecordsController:325 - inside populateSalesRecords() method
2019-10-11 21:12:15 INFO  SalesRecordsDaoImpl:79 - insertSalesRecord() -> salesRecord: SalesRecords{id=0, product=null, salesman=null, inputPrice=0.0, outputPrice=0.0, date=Fri Oct 11 00:00:00 UZT 2019, imageBody=null, quantity=null, sellingCoefficient=30.0}
2019-10-11 21:12:15 DEBUG SalesRecordsController:350 - end of populateSalesRecord() method
2019-10-11 21:12:30 DEBUG Controller:149 - ----> file:/D:/Source_Codes/Intellij/E-Commerce/target/classes/fxml/product_type.fxml
2019-10-11 21:12:40 DEBUG Controller:149 - ----> file:/D:/Source_Codes/Intellij/E-Commerce/target/classes/fxml/salesman.fxml
2019-10-11 21:12:42 DEBUG Controller:149 - ----> file:/D:/Source_Codes/Intellij/E-Commerce/target/classes/fxml/product.fxml
2019-10-11 21:12:57 DEBUG Controller:149 - ----> file:/D:/Source_Codes/Intellij/E-Commerce/target/classes/fxml/salesman.fxml
2019-10-11 21:13:17 DEBUG Controller:149 - ----> file:/D:/Source_Codes/Intellij/E-Commerce/target/classes/fxml/sales_record.fxml
2019-10-11 21:13:17 INFO  SalesRecordsController:86 - inside initialize method
2019-10-11 21:13:17 INFO  SalesRecordsController:325 - inside populateSalesRecords() method
2019-10-11 21:13:17 DEBUG SalesRecordsController:350 - end of populateSalesRecord() method
2019-10-11 21:13:17 INFO  SalesRecordsController:305 - end of initialize method
2019-10-11 21:13:21 INFO  SalesRecordsController:325 - inside populateSalesRecords() method
2019-10-11 21:13:21 DEBUG SalesRecordsController:350 - end of populateSalesRecord() method
2019-10-11 21:13:23 INFO  SalesRecordsController:325 - inside populateSalesRecords() method
2019-10-11 21:13:23 DEBUG SalesRecordsController:350 - end of populateSalesRecord() method
2019-10-11 21:13:31 INFO  SalesRecordsController:325 - inside populateSalesRecords() method
2019-10-11 21:13:31 DEBUG SalesRecordsController:350 - end of populateSalesRecord() method
2019-10-11 21:13:31 INFO  SalesRecordsDaoImpl:79 - insertSalesRecord() -> salesRecord: SalesRecords{id=0, product=null, salesman=null, inputPrice=0.0, outputPrice=0.0, date=Fri Oct 11 00:00:00 UZT 2019, imageBody=null, quantity=null, sellingCoefficient=null}
2019-10-11 21:13:31 INFO  SalesRecordsController:325 - inside populateSalesRecords() method
2019-10-11 21:13:31 DEBUG SalesRecordsController:350 - end of populateSalesRecord() method
2019-10-11 21:13:38 INFO  SalesRecordsController:325 - inside populateSalesRecords() method
2019-10-11 21:13:38 DEBUG SalesRecordsController:350 - end of populateSalesRecord() method
2019-10-11 21:21:09 DEBUG Controller:149 - ----> file:/D:/Source_Codes/Intellij/E-Commerce/target/classes/fxml/product.fxml
2019-10-11 21:21:13 DEBUG Controller:149 - ----> file:/D:/Source_Codes/Intellij/E-Commerce/target/classes/fxml/sales_record.fxml
2019-10-11 21:21:13 INFO  SalesRecordsController:86 - inside initialize method
2019-10-11 21:21:13 INFO  SalesRecordsController:325 - inside populateSalesRecords() method
2019-10-11 21:21:13 DEBUG SalesRecordsController:350 - end of populateSalesRecord() method
2019-10-11 21:21:13 INFO  SalesRecordsController:305 - end of initialize method
2019-10-11 21:22:26 DEBUG Controller:149 - ----> file:/D:/Source_Codes/Intellij/E-Commerce/target/classes/fxml/product.fxml
2019-10-11 21:22:43 DEBUG Controller:149 - ----> file:/D:/Source_Codes/Intellij/E-Commerce/target/classes/fxml/sales_record.fxml
2019-10-11 21:22:43 INFO  SalesRecordsController:86 - inside initialize method
2019-10-11 21:22:43 INFO  SalesRecordsController:325 - inside populateSalesRecords() method
2019-10-11 21:22:43 DEBUG SalesRecordsController:350 - end of populateSalesRecord() method
2019-10-11 21:22:43 INFO  SalesRecordsController:305 - end of initialize method
2019-10-11 21:23:32 DEBUG Controller:149 - ----> file:/D:/Source_Codes/Intellij/E-Commerce/target/classes/fxml/product.fxml
2019-10-11 21:23:36 DEBUG Controller:149 - ----> file:/D:/Source_Codes/Intellij/E-Commerce/target/classes/fxml/sales_record.fxml
2019-10-11 21:23:36 INFO  SalesRecordsController:86 - inside initialize method
2019-10-11 21:23:36 INFO  SalesRecordsController:325 - inside populateSalesRecords() method
2019-10-11 21:23:36 DEBUG SalesRecordsController:350 - end of populateSalesRecord() method
2019-10-11 21:23:36 INFO  SalesRecordsController:305 - end of initialize method
2019-10-11 21:23:40 INFO  SalesRecordsController:325 - inside populateSalesRecords() method
2019-10-11 21:23:40 INFO  SalesRecordsDaoImpl:79 - insertSalesRecord() -> salesRecord: SalesRecords{id=0, product=null, salesman=null, inputPrice=0.0, outputPrice=0.0, date=Fri Oct 11 00:00:00 UZT 2019, imageBody=null, quantity=null, sellingCoefficient=30.0}
2019-10-11 21:23:40 DEBUG SalesRecordsController:350 - end of populateSalesRecord() method
2019-10-11 21:26:34 DEBUG Controller:149 - ----> file:/D:/Source_Codes/Intellij/E-Commerce/target/classes/fxml/product.fxml
2019-10-11 21:26:37 DEBUG Controller:149 - ----> file:/D:/Source_Codes/Intellij/E-Commerce/target/classes/fxml/sales_record.fxml
2019-10-11 21:26:37 INFO  SalesRecordsController:86 - inside initialize method
2019-10-11 21:26:37 INFO  SalesRecordsController:325 - inside populateSalesRecords() method
2019-10-11 21:26:37 DEBUG SalesRecordsController:350 - end of populateSalesRecord() method
2019-10-11 21:26:37 INFO  SalesRecordsController:305 - end of initialize method
2019-10-11 21:26:42 INFO  SalesRecordsController:325 - inside populateSalesRecords() method
2019-10-11 21:26:42 INFO  SalesRecordsDaoImpl:79 - insertSalesRecord() -> salesRecord: SalesRecords{id=0, product=null, salesman=null, inputPrice=0.0, outputPrice=0.0, date=Fri Oct 11 00:00:00 UZT 2019, imageBody=null, quantity=null, sellingCoefficient=30.0}
2019-10-11 21:26:42 DEBUG SalesRecordsController:350 - end of populateSalesRecord() method
2019-10-11 21:26:54 DEBUG Controller:149 - ----> file:/D:/Source_Codes/Intellij/E-Commerce/target/classes/fxml/product.fxml
2019-10-11 21:26:55 DEBUG Controller:149 - ----> file:/D:/Source_Codes/Intellij/E-Commerce/target/classes/fxml/product_type.fxml
2019-10-11 21:26:56 DEBUG Controller:149 - ----> file:/D:/Source_Codes/Intellij/E-Commerce/target/classes/fxml/salesman.fxml
2019-10-11 21:26:57 DEBUG Controller:149 - ----> file:/D:/Source_Codes/Intellij/E-Commerce/target/classes/fxml/sales_record.fxml
2019-10-11 21:26:57 INFO  SalesRecordsController:86 - inside initialize method
2019-10-11 21:26:57 INFO  SalesRecordsController:325 - inside populateSalesRecords() method
2019-10-11 21:26:57 DEBUG SalesRecordsController:350 - end of populateSalesRecord() method
2019-10-11 21:26:57 INFO  SalesRecordsController:305 - end of initialize method
2019-10-11 21:28:00 DEBUG Controller:149 - ----> file:/D:/Source_Codes/Intellij/E-Commerce/target/classes/fxml/product.fxml
2019-10-11 21:28:03 DEBUG Controller:149 - ----> file:/D:/Source_Codes/Intellij/E-Commerce/target/classes/fxml/sales_record.fxml
2019-10-11 21:28:03 INFO  SalesRecordsController:86 - inside initialize method
2019-10-11 21:28:03 INFO  SalesRecordsController:325 - inside populateSalesRecords() method
2019-10-11 21:28:03 DEBUG SalesRecordsController:350 - end of populateSalesRecord() method
2019-10-11 21:28:03 INFO  SalesRecordsController:305 - end of initialize method
2019-10-11 21:32:31 DEBUG Controller:149 - ----> file:/D:/Source_Codes/Intellij/E-Commerce/target/classes/fxml/product.fxml
2019-10-11 21:36:35 DEBUG Controller:149 - ----> file:/D:/Source_Codes/Intellij/E-Commerce/target/classes/fxml/sales_record.fxml
2019-10-11 21:36:35 INFO  SalesRecordsController:86 - inside initialize method
2019-10-11 21:36:35 INFO  SalesRecordsController:325 - inside populateSalesRecords() method
2019-10-11 21:36:35 DEBUG SalesRecordsController:350 - end of populateSalesRecord() method
2019-10-11 21:36:35 INFO  SalesRecordsController:305 - end of initialize method
2019-10-11 21:36:53 INFO  SalesRecordsController:325 - inside populateSalesRecords() method
2019-10-11 21:36:53 DEBUG SalesRecordsController:350 - end of populateSalesRecord() method
2019-10-11 21:37:11 INFO  SalesRecordsController:325 - inside populateSalesRecords() method
2019-10-11 21:37:11 DEBUG SalesRecordsController:350 - end of populateSalesRecord() method
2019-10-11 21:37:11 INFO  SalesRecordsDaoImpl:79 - insertSalesRecord() -> salesRecord: SalesRecords{id=0, product=null, salesman=null, inputPrice=0.0, outputPrice=0.0, date=Fri Oct 11 00:00:00 UZT 2019, imageBody=null, quantity=null, sellingCoefficient=null}
2019-10-11 21:37:11 INFO  SalesRecordsController:325 - inside populateSalesRecords() method
2019-10-11 21:37:11 DEBUG SalesRecordsController:350 - end of populateSalesRecord() method
2019-10-11 21:37:18 INFO  SalesRecordsController:325 - inside populateSalesRecords() method
2019-10-11 21:37:18 DEBUG SalesRecordsController:350 - end of populateSalesRecord() method
2019-10-11 21:38:23 INFO  SalesRecordsDaoImpl:79 - insertSalesRecord() -> salesRecord: SalesRecords{id=0, product=null, salesman=null, inputPrice=0.0, outputPrice=0.0, date=Fri Oct 11 00:00:00 UZT 2019, imageBody=null, quantity=null, sellingCoefficient=null}
2019-10-11 21:38:23 INFO  SalesRecordsController:325 - inside populateSalesRecords() method
2019-10-11 21:38:23 DEBUG SalesRecordsController:350 - end of populateSalesRecord() method
2019-10-11 21:38:40 DEBUG Controller:149 - ----> file:/D:/Source_Codes/Intellij/E-Commerce/target/classes/fxml/product.fxml
2019-10-11 21:38:43 DEBUG Controller:149 - ----> file:/D:/Source_Codes/Intellij/E-Commerce/target/classes/fxml/sales_record.fxml
2019-10-11 21:38:43 INFO  SalesRecordsController:86 - inside initialize method
2019-10-11 21:38:43 INFO  SalesRecordsController:325 - inside populateSalesRecords() method
2019-10-11 21:38:43 DEBUG SalesRecordsController:350 - end of populateSalesRecord() method
2019-10-11 21:38:43 INFO  SalesRecordsController:305 - end of initialize method
2019-10-11 21:38:49 INFO  SalesRecordsController:325 - inside populateSalesRecords() method
2019-10-11 21:38:49 DEBUG SalesRecordsController:350 - end of populateSalesRecord() method
2019-10-11 21:38:52 INFO  SalesRecordsController:325 - inside populateSalesRecords() method
2019-10-11 21:38:52 DEBUG SalesRecordsController:350 - end of populateSalesRecord() method
2019-10-11 21:39:04 INFO  SalesRecordsController:325 - inside populateSalesRecords() method
2019-10-11 21:39:04 DEBUG SalesRecordsController:350 - end of populateSalesRecord() method
2019-10-11 21:39:13 INFO  SalesRecordsController:325 - inside populateSalesRecords() method
2019-10-11 21:39:13 DEBUG SalesRecordsController:350 - end of populateSalesRecord() method
2019-10-11 21:39:37 INFO  SalesRecordsController:325 - inside populateSalesRecords() method
2019-10-11 21:39:37 DEBUG SalesRecordsController:350 - end of populateSalesRecord() method
2019-10-11 21:41:33 DEBUG Controller:149 - ----> file:/D:/Source_Codes/Intellij/E-Commerce/target/classes/fxml/product.fxml
2019-10-11 21:41:43 DEBUG Controller:149 - ----> file:/D:/Source_Codes/Intellij/E-Commerce/target/classes/fxml/sales_record.fxml
2019-10-11 21:41:43 INFO  SalesRecordsController:86 - inside initialize method
2019-10-11 21:41:43 INFO  SalesRecordsController:325 - inside populateSalesRecords() method
2019-10-11 21:41:43 DEBUG SalesRecordsController:350 - end of populateSalesRecord() method
2019-10-11 21:41:43 INFO  SalesRecordsController:305 - end of initialize method
2019-10-11 21:41:59 INFO  SalesRecordsController:325 - inside populateSalesRecords() method
2019-10-11 21:41:59 DEBUG SalesRecordsController:350 - end of populateSalesRecord() method
2019-10-11 21:42:43 DEBUG Controller:149 - ----> file:/D:/Source_Codes/Intellij/E-Commerce/target/classes/fxml/product.fxml
2019-10-11 21:42:48 DEBUG Controller:149 - ----> file:/D:/Source_Codes/Intellij/E-Commerce/target/classes/fxml/sales_record.fxml
2019-10-11 21:42:48 INFO  SalesRecordsController:86 - inside initialize method
2019-10-11 21:42:48 INFO  SalesRecordsController:325 - inside populateSalesRecords() method
2019-10-11 21:42:48 DEBUG SalesRecordsController:350 - end of populateSalesRecord() method
2019-10-11 21:42:48 INFO  SalesRecordsController:305 - end of initialize method
2019-10-11 21:46:05 INFO  SalesRecordsController:325 - inside populateSalesRecords() method
2019-10-11 21:46:05 DEBUG SalesRecordsController:350 - end of populateSalesRecord() method
2019-10-14 09:30:18 DEBUG Controller:149 - ----> file:/D:/Source_Codes/Intellij/E-Commerce/target/classes/fxml/product.fxml
2019-10-14 09:42:55 DEBUG Controller:149 - ----> file:/D:/Source_Codes/Intellij/E-Commerce/target/classes/fxml/product.fxml
2019-10-14 09:43:10 DEBUG Controller:149 - ----> file:/D:/Source_Codes/Intellij/E-Commerce/target/classes/fxml/product.fxml
2019-10-14 09:43:17 DEBUG Controller:149 - ----> file:/D:/Source_Codes/Intellij/E-Commerce/target/classes/fxml/product_type.fxml
2019-10-14 09:43:27 DEBUG Controller:149 - ----> file:/D:/Source_Codes/Intellij/E-Commerce/target/classes/fxml/product.fxml
2019-10-14 09:43:33 DEBUG Controller:149 - ----> file:/D:/Source_Codes/Intellij/E-Commerce/target/classes/fxml/product_type.fxml
2019-10-14 09:43:46 DEBUG Controller:149 - ----> file:/D:/Source_Codes/Intellij/E-Commerce/target/classes/fxml/sales_record.fxml
2019-10-14 09:43:46 INFO  SalesRecordsController:86 - inside initialize method
2019-10-14 09:43:46 INFO  SalesRecordsController:325 - inside populateSalesRecords() method
2019-10-14 09:43:46 DEBUG SalesRecordsController:350 - end of populateSalesRecord() method
2019-10-14 09:43:46 INFO  SalesRecordsController:305 - end of initialize method
2019-10-14 09:43:47 DEBUG Controller:149 - ----> file:/D:/Source_Codes/Intellij/E-Commerce/target/classes/fxml/salesman.fxml
2019-10-14 09:43:47 DEBUG Controller:149 - ----> file:/D:/Source_Codes/Intellij/E-Commerce/target/classes/fxml/product_type.fxml
2019-10-14 09:43:48 DEBUG Controller:149 - ----> file:/D:/Source_Codes/Intellij/E-Commerce/target/classes/fxml/product.fxml
2019-10-14 09:44:00 DEBUG Controller:149 - ----> file:/D:/Source_Codes/Intellij/E-Commerce/target/classes/fxml/product.fxml
2019-10-14 09:44:08 DEBUG Controller:149 - ----> file:/D:/Source_Codes/Intellij/E-Commerce/target/classes/fxml/sales_record.fxml
2019-10-14 09:44:08 INFO  SalesRecordsController:86 - inside initialize method
2019-10-14 09:44:08 INFO  SalesRecordsController:325 - inside populateSalesRecords() method
2019-10-14 09:44:08 DEBUG SalesRecordsController:350 - end of populateSalesRecord() method
2019-10-14 09:44:08 INFO  SalesRecordsController:305 - end of initialize method
2019-10-14 09:45:08 DEBUG Controller:150 - ----> file:/D:/Source_Codes/Intellij/E-Commerce/target/classes/fxml/product.fxml
2019-10-14 09:45:11 DEBUG Controller:150 - ----> file:/D:/Source_Codes/Intellij/E-Commerce/target/classes/fxml/sales_record.fxml
2019-10-14 09:45:11 INFO  SalesRecordsController:86 - inside initialize method
2019-10-14 09:45:11 INFO  SalesRecordsController:325 - inside populateSalesRecords() method
2019-10-14 09:45:11 DEBUG SalesRecordsController:350 - end of populateSalesRecord() method
2019-10-14 09:45:11 INFO  SalesRecordsController:305 - end of initialize method
2019-10-14 09:47:09 DEBUG Controller:150 - ----> file:/D:/Source_Codes/Intellij/E-Commerce/target/classes/fxml/product.fxml
2019-10-14 09:47:12 DEBUG Controller:150 - ----> file:/D:/Source_Codes/Intellij/E-Commerce/target/classes/fxml/sales_record.fxml
2019-10-14 09:47:12 INFO  SalesRecordsController:86 - inside initialize method
2019-10-14 09:47:12 INFO  SalesRecordsController:325 - inside populateSalesRecords() method
2019-10-14 09:47:12 DEBUG SalesRecordsController:350 - end of populateSalesRecord() method
2019-10-14 09:47:12 INFO  SalesRecordsController:305 - end of initialize method
2019-10-14 09:47:47 DEBUG Controller:150 - ----> file:/D:/Source_Codes/Intellij/E-Commerce/target/classes/fxml/product.fxml
2019-10-14 09:47:52 DEBUG Controller:150 - ----> file:/D:/Source_Codes/Intellij/E-Commerce/target/classes/fxml/sales_record.fxml
2019-10-14 09:47:52 INFO  SalesRecordsController:86 - inside initialize method
2019-10-14 09:47:52 INFO  SalesRecordsController:325 - inside populateSalesRecords() method
2019-10-14 09:47:52 DEBUG SalesRecordsController:350 - end of populateSalesRecord() method
2019-10-14 09:47:52 INFO  SalesRecordsController:305 - end of initialize method
2019-10-14 09:47:53 DEBUG Controller:150 - ----> file:/D:/Source_Codes/Intellij/E-Commerce/target/classes/fxml/salesman.fxml
2019-10-14 09:47:53 DEBUG Controller:150 - ----> file:/D:/Source_Codes/Intellij/E-Commerce/target/classes/fxml/sales_record.fxml
2019-10-14 09:47:53 INFO  SalesRecordsController:86 - inside initialize method
2019-10-14 09:47:53 INFO  SalesRecordsController:325 - inside populateSalesRecords() method
2019-10-14 09:47:53 DEBUG SalesRecordsController:350 - end of populateSalesRecord() method
2019-10-14 09:47:53 INFO  SalesRecordsController:305 - end of initialize method
2019-10-14 09:48:15 DEBUG Controller:150 - ----> file:/D:/Source_Codes/Intellij/E-Commerce/target/classes/fxml/product.fxml
2019-10-14 09:48:30 DEBUG Controller:150 - ----> file:/D:/Source_Codes/Intellij/E-Commerce/target/classes/fxml/product.fxml
2019-10-14 09:50:38 DEBUG Controller:151 - ----> file:/D:/Source_Codes/Intellij/E-Commerce/target/classes/fxml/product.fxml
2019-10-14 09:50:47 DEBUG Controller:151 - ----> file:/D:/Source_Codes/Intellij/E-Commerce/target/classes/fxml/sales_record.fxml
2019-10-14 09:50:47 INFO  SalesRecordsController:86 - inside initialize method
2019-10-14 09:50:47 INFO  SalesRecordsController:325 - inside populateSalesRecords() method
2019-10-14 09:50:47 DEBUG SalesRecordsController:350 - end of populateSalesRecord() method
2019-10-14 09:50:47 INFO  SalesRecordsController:305 - end of initialize method
2019-10-14 09:51:04 DEBUG Controller:151 - ----> file:/D:/Source_Codes/Intellij/E-Commerce/target/classes/fxml/product.fxml
2019-10-14 09:51:07 DEBUG Controller:151 - ----> file:/D:/Source_Codes/Intellij/E-Commerce/target/classes/fxml/sales_record.fxml
2019-10-14 09:51:07 INFO  SalesRecordsController:86 - inside initialize method
2019-10-14 09:51:07 INFO  SalesRecordsController:325 - inside populateSalesRecords() method
2019-10-14 09:51:07 DEBUG SalesRecordsController:350 - end of populateSalesRecord() method
2019-10-14 09:51:07 INFO  SalesRecordsController:305 - end of initialize method
